0 info it worked if it ends with ok
1 verbose cli [ 'node', '/usr/local/bin/npm', 'install' ]
2 info using npm@1.3.14
3 info using node@v0.10.22
4 warn package.json hearingirc@0.1.0 No repository field.
5 verbose readDependencies using package.json deps
6 verbose install where, deps [ '/Users/petenawara/Sites/hearingirc.github.io',
6 verbose install   [ 'docpad',
6 verbose install     'docpad-plugin-haml',
6 verbose install     'docpad-plugin-livereload',
6 verbose install     'docpad-plugin-robotskirt',
6 verbose install     'docpad-plugin-moment',
6 verbose install     'docpad-plugin-nodesass',
6 verbose install     'grunt-uncss' ] ]
7 info preinstall hearingirc@0.1.0
8 verbose readDependencies using package.json deps
9 verbose already installed skipping docpad-plugin-livereload@~2.6.0 /Users/petenawara/Sites/hearingirc.github.io
10 verbose already installed skipping docpad@~6.63.8 /Users/petenawara/Sites/hearingirc.github.io
11 verbose already installed skipping docpad-plugin-haml@~2.0.2 /Users/petenawara/Sites/hearingirc.github.io
12 verbose already installed skipping docpad-plugin-moment@~2.0.2 /Users/petenawara/Sites/hearingirc.github.io
13 verbose cache add [ 'docpad-plugin-robotskirt@~2.0.3', null ]
14 verbose cache add name=undefined spec="docpad-plugin-robotskirt@~2.0.3" args=["docpad-plugin-robotskirt@~2.0.3",null]
15 verbose parsed url { protocol: null,
15 verbose parsed url   slashes: null,
15 verbose parsed url   auth: null,
15 verbose parsed url   host: null,
15 verbose parsed url   port: null,
15 verbose parsed url   hostname: null,
15 verbose parsed url   hash: null,
15 verbose parsed url   search: null,
15 verbose parsed url   query: null,
15 verbose parsed url   pathname: 'docpad-plugin-robotskirt@~2.0.3',
15 verbose parsed url   path: 'docpad-plugin-robotskirt@~2.0.3',
15 verbose parsed url   href: 'docpad-plugin-robotskirt@~2.0.3' }
16 verbose cache add name="docpad-plugin-robotskirt" spec="~2.0.3" args=["docpad-plugin-robotskirt","~2.0.3"]
17 verbose parsed url { protocol: null,
17 verbose parsed url   slashes: null,
17 verbose parsed url   auth: null,
17 verbose parsed url   host: null,
17 verbose parsed url   port: null,
17 verbose parsed url   hostname: null,
17 verbose parsed url   hash: null,
17 verbose parsed url   search: null,
17 verbose parsed url   query: null,
17 verbose parsed url   pathname: '~2.0.3',
17 verbose parsed url   path: '~2.0.3',
17 verbose parsed url   href: '~2.0.3' }
18 verbose addNamed [ 'docpad-plugin-robotskirt', '~2.0.3' ]
19 verbose addNamed [ null, '>=2.0.3-0 <2.1.0-0' ]
20 verbose already installed skipping docpad-plugin-nodesass@~2.2.1 /Users/petenawara/Sites/hearingirc.github.io
21 silly lockFile f282dcf6-docpad-plugin-robotskirt-2-0-3 docpad-plugin-robotskirt@~2.0.3
22 verbose lock docpad-plugin-robotskirt@~2.0.3 /Users/petenawara/.npm/f282dcf6-docpad-plugin-robotskirt-2-0-3.lock
23 verbose already installed skipping grunt-uncss@~0.2.0 /Users/petenawara/Sites/hearingirc.github.io
24 silly addNameRange { name: 'docpad-plugin-robotskirt',
24 silly addNameRange   range: '>=2.0.3-0 <2.1.0-0',
24 silly addNameRange   hasData: false }
25 verbose url raw docpad-plugin-robotskirt
26 verbose url resolving [ 'https://registry.npmjs.org/', './docpad-plugin-robotskirt' ]
27 verbose url resolved https://registry.npmjs.org/docpad-plugin-robotskirt
28 info trying registry request attempt 1 at 14:19:30
29 verbose etag "EHY6OFNUB3PX8X0DF7N3OQVO2"
30 http GET https://registry.npmjs.org/docpad-plugin-robotskirt
31 http 304 https://registry.npmjs.org/docpad-plugin-robotskirt
32 silly registry.get cb [ 304,
32 silly registry.get   { date: 'Wed, 26 Feb 2014 20:19:30 GMT',
32 silly registry.get     server: 'Apache',
32 silly registry.get     connection: 'Keep-Alive',
32 silly registry.get     'keep-alive': 'timeout=10, max=50',
32 silly registry.get     etag: '"EHY6OFNUB3PX8X0DF7N3OQVO2"',
32 silly registry.get     'cache-control': 'max-age=1',
32 silly registry.get     vary: 'Accept' } ]
33 verbose etag docpad-plugin-robotskirt from cache
34 silly addNameRange number 2 { name: 'docpad-plugin-robotskirt',
34 silly addNameRange   range: '>=2.0.3-0 <2.1.0-0',
34 silly addNameRange   hasData: true }
35 silly addNameRange versions [ 'docpad-plugin-robotskirt', [ '2.0.0', '2.0.1', '2.0.3' ] ]
36 verbose addNamed [ 'docpad-plugin-robotskirt', '2.0.3' ]
37 verbose addNamed [ '2.0.3', '2.0.3' ]
38 silly lockFile 58a5fd0d-docpad-plugin-robotskirt-2-0-3 docpad-plugin-robotskirt@2.0.3
39 verbose lock docpad-plugin-robotskirt@2.0.3 /Users/petenawara/.npm/58a5fd0d-docpad-plugin-robotskirt-2-0-3.lock
40 silly lockFile 58a5fd0d-docpad-plugin-robotskirt-2-0-3 docpad-plugin-robotskirt@2.0.3
41 silly lockFile 58a5fd0d-docpad-plugin-robotskirt-2-0-3 docpad-plugin-robotskirt@2.0.3
42 silly lockFile f282dcf6-docpad-plugin-robotskirt-2-0-3 docpad-plugin-robotskirt@~2.0.3
43 silly lockFile f282dcf6-docpad-plugin-robotskirt-2-0-3 docpad-plugin-robotskirt@~2.0.3
44 silly resolved [ { name: 'docpad-plugin-robotskirt',
44 silly resolved     version: '2.0.3',
44 silly resolved     description: 'Markdown rendering for DocPad, using Robotskirt (sundown)',
44 silly resolved     homepage: 'http://docpad.org/plugin/robotskirt',
44 silly resolved     keywords:
44 silly resolved      [ 'docpad',
44 silly resolved        'docpad-plugin',
44 silly resolved        'markup',
44 silly resolved        'markdown',
44 silly resolved        'sundown',
44 silly resolved        'robotskirt' ],
44 silly resolved     author:
44 silly resolved      { name: 'Bevry Pty Ltd',
44 silly resolved        email: 'us@bevry.me',
44 silly resolved        url: 'http://bevry.me' },
44 silly resolved     maintainers: [ [Object], [Object] ],
44 silly resolved     contributors: [ [Object], [Object] ],
44 silly resolved     bugs: { url: 'http://docpad.org/plugin/robotskirt/issues' },
44 silly resolved     repository:
44 silly resolved      { type: 'git',
44 silly resolved        url: 'http://github.com/docpad/docpad-plugin-robotskirt.git' },
44 silly resolved     engines: { node: '>=0.4', docpad: '6.x' },
44 silly resolved     dependencies: { robotskirt: '~2.7.1' },
44 silly resolved     devDependencies: { 'coffee-script': '~1.4.0' },
44 silly resolved     main: './out/robotskirt.plugin.js',
44 silly resolved     scripts: { test: 'node ./out/robotskirt.test.js' },
44 silly resolved     readme: '# Robotskirt Plugin for DocPad\n[Markdown](http://daringfireball.net/projects/markdown/) rendering for [DocPad](https://docpad.org), using [Robotskirt](https://github.com/benmills/robotskirt)\n\nConvention:\t`.html.md|markdown`\n\n\n## Install\n\n```\nnpm install --save docpad-plugin-robotskirt\n```\n\n## Configure\nFor information on customising your plugin configuration you can refer to the [DocPad FAQ](https://github.com/bevry/docpad/wiki/FAQ)\n\n### Robotskirt Options\nYou can customise the [Robotskirt](https://github.com/benmills/robotskirt) options using the `robotskirtOptions` object. By default we use:\n\n``` coffee\nplugins:\n\trobotskirt:\n\t\trobotskirtOptions:\n\t\t\tEXT_AUTOLINK: true\n\t\t\tEXT_FENCED_CODE: true\n\t\t\tEXT_LAX_SPACING: true\n\t\t\tEXT_NO_INTRA_EMPHASIS: true\n\t\t\tEXT_SPACE_HEADERS: true\n\t\t\tEXT_STRIKETHROUGH: true\n\t\t\tEXT_SUPERSCRIPT: true\n\t\t\tEXT_TABLES: true\n\t\t\tHTML_SKIP_HTML: false\n\t\t\tHTML_SKIP_STYLE: false\n\t\t\tHTML_SKIP_IMAGES: false\n\t\t\tHTML_SKIP_LINKS: false\n\t\t\tHTML_EXPAND_TABS: false\n\t\t\tHTML_SAFELINK: false\n\t\t\tHTML_TOC: false\n\t\t\tHTML_HARD_WRAP: false\n\t\t\tHTML_USE_XHTML: true\n\t\t\tHTML_ESCAPE: false\n```\n\n### SmartyPants\n\nIt makes "smart" punctuation. See more on [its homepage](http://daringfireball.net/projects/smartypants). Default is true:\n\n``` coffee\nplugins:\n\trobotskirt:\n\t\tsmartypants: true\n```\n\n### Hightlight\n\nIt supports highlighting code blocks at build time. Following is using [highlight.js](https://github.com/isagalaev/highlight.js).\n\n``` coffee\nplugins:\n\trobotskirt:\n\t\thighlight: (code, lang)->\n\t\t\thas = lang && hl.LANGUAGES.hasOwnProperty(lang.trim())\n\n\t\t\topen = if has then \'<pre><code class="lang-\'+lang.trim()+\'">\' else \'<pre><code>\'\n\t\t\tbody = if has then hl.highlight(lang, code).value else hl.highlightAuto(code).value\n\t\t\tclose = \'</code></pre>\'\n\n\t\t\treturn open + body + close\n```\n\n### Inline\n\nYou can add your markup in only normal text blocks. Next example is Twitter tag exmaple. `@pismute` will be rendered `<a href="https://twitter.com/pismute">@pismute</a>`:\n\n``` coffee\nplugins:\n\trobotskirt:\n\t\tinline: (src, hash)->\n\t\t\tout = src\n\n\t\t\t#for people\n\t\t\tout = out.replace /(^|[ \\t]+)@([a-zA-Z0-9]+)/g, (whole, m1, m2) ->\n\t\t\t\thash m1 + \'<a href="https://twitter.com/\' + m2 + \'">@\' + m2 + \'</a>\'\n\n\t\t\t#for hash tag·\n\t\t\tout = out.replace /(^|[ \\t]+)#([ㄱ-ㅎ가-힣a-zA-Z0-9]+)/g, (whole, m1, m2) ->\n\t\t\t\thash m1 + \'<a href="https://twitter.com/search?q=%23\' + escapeURL(m2) + \'&src=hash">#\' + m2 + \'</a>\'\n\n\t\t\treturn out\n```\n\n## History\nYou can discover the history inside the `History.md` file\n\n## License\nLicensed under the incredibly [permissive](http://en.wikipedia.org/wiki/Permissive_free_software_licence) [MIT License](http://creativecommons.org/licenses/MIT/)\n<br/>Copyright &copy; 2012 [Bevry Pty Ltd](http://bevry.me)\n',
44 silly resolved     readmeFilename: 'README.md',
44 silly resolved     _id: 'docpad-plugin-robotskirt@2.0.3',
44 silly resolved     _from: 'docpad-plugin-robotskirt@~2.0.3' } ]
45 info install docpad-plugin-robotskirt@2.0.3 into /Users/petenawara/Sites/hearingirc.github.io
46 info installOne docpad-plugin-robotskirt@2.0.3
47 info /Users/petenawara/Sites/hearingirc.github.io/node_modules/docpad-plugin-robotskirt unbuild
48 verbose tar unpack /Users/petenawara/.npm/docpad-plugin-robotskirt/2.0.3/package.tgz
49 silly lockFile 0a2b1213-modules-docpad-plugin-robotskirt tar:///Users/petenawara/Sites/hearingirc.github.io/node_modules/docpad-plugin-robotskirt
50 verbose lock tar:///Users/petenawara/Sites/hearingirc.github.io/node_modules/docpad-plugin-robotskirt /Users/petenawara/.npm/0a2b1213-modules-docpad-plugin-robotskirt.lock
51 silly lockFile be80a821-gin-robotskirt-2-0-3-package-tgz tar:///Users/petenawara/.npm/docpad-plugin-robotskirt/2.0.3/package.tgz
52 verbose lock tar:///Users/petenawara/.npm/docpad-plugin-robotskirt/2.0.3/package.tgz /Users/petenawara/.npm/be80a821-gin-robotskirt-2-0-3-package-tgz.lock
53 silly gunzTarPerm modes [ '755', '644' ]
54 silly gunzTarPerm extractEntry package.json
55 silly gunzTarPerm extractEntry .npmignore
56 silly gunzTarPerm extractEntry README.md
57 silly gunzTarPerm extractEntry out/robotskirt.plugin.js
58 silly lockFile 0a2b1213-modules-docpad-plugin-robotskirt tar:///Users/petenawara/Sites/hearingirc.github.io/node_modules/docpad-plugin-robotskirt
59 silly lockFile 0a2b1213-modules-docpad-plugin-robotskirt tar:///Users/petenawara/Sites/hearingirc.github.io/node_modules/docpad-plugin-robotskirt
60 silly lockFile be80a821-gin-robotskirt-2-0-3-package-tgz tar:///Users/petenawara/.npm/docpad-plugin-robotskirt/2.0.3/package.tgz
61 silly lockFile be80a821-gin-robotskirt-2-0-3-package-tgz tar:///Users/petenawara/.npm/docpad-plugin-robotskirt/2.0.3/package.tgz
62 info preinstall docpad-plugin-robotskirt@2.0.3
63 verbose readDependencies using package.json deps
64 verbose readDependencies using package.json deps
65 verbose cache add [ 'robotskirt@~2.7.1', null ]
66 verbose cache add name=undefined spec="robotskirt@~2.7.1" args=["robotskirt@~2.7.1",null]
67 verbose parsed url { protocol: null,
67 verbose parsed url   slashes: null,
67 verbose parsed url   auth: null,
67 verbose parsed url   host: null,
67 verbose parsed url   port: null,
67 verbose parsed url   hostname: null,
67 verbose parsed url   hash: null,
67 verbose parsed url   search: null,
67 verbose parsed url   query: null,
67 verbose parsed url   pathname: 'robotskirt@~2.7.1',
67 verbose parsed url   path: 'robotskirt@~2.7.1',
67 verbose parsed url   href: 'robotskirt@~2.7.1' }
68 verbose cache add name="robotskirt" spec="~2.7.1" args=["robotskirt","~2.7.1"]
69 verbose parsed url { protocol: null,
69 verbose parsed url   slashes: null,
69 verbose parsed url   auth: null,
69 verbose parsed url   host: null,
69 verbose parsed url   port: null,
69 verbose parsed url   hostname: null,
69 verbose parsed url   hash: null,
69 verbose parsed url   search: null,
69 verbose parsed url   query: null,
69 verbose parsed url   pathname: '~2.7.1',
69 verbose parsed url   path: '~2.7.1',
69 verbose parsed url   href: '~2.7.1' }
70 verbose addNamed [ 'robotskirt', '~2.7.1' ]
71 verbose addNamed [ null, '>=2.7.1-0 <2.8.0-0' ]
72 silly lockFile c236d50a-robotskirt-2-7-1 robotskirt@~2.7.1
73 verbose lock robotskirt@~2.7.1 /Users/petenawara/.npm/c236d50a-robotskirt-2-7-1.lock
74 silly addNameRange { name: 'robotskirt',
74 silly addNameRange   range: '>=2.7.1-0 <2.8.0-0',
74 silly addNameRange   hasData: false }
75 verbose url raw robotskirt
76 verbose url resolving [ 'https://registry.npmjs.org/', './robotskirt' ]
77 verbose url resolved https://registry.npmjs.org/robotskirt
78 info trying registry request attempt 1 at 14:19:30
79 verbose etag "AASV07NT7IQ1UTF1IWAW1E799"
80 http GET https://registry.npmjs.org/robotskirt
81 http 304 https://registry.npmjs.org/robotskirt
82 silly registry.get cb [ 304,
82 silly registry.get   { date: 'Wed, 26 Feb 2014 20:19:30 GMT',
82 silly registry.get     server: 'Apache',
82 silly registry.get     connection: 'Keep-Alive',
82 silly registry.get     'keep-alive': 'timeout=10, max=50',
82 silly registry.get     etag: '"AASV07NT7IQ1UTF1IWAW1E799"',
82 silly registry.get     'cache-control': 'max-age=1',
82 silly registry.get     vary: 'Accept' } ]
83 verbose etag robotskirt from cache
84 silly addNameRange number 2 { name: 'robotskirt',
84 silly addNameRange   range: '>=2.7.1-0 <2.8.0-0',
84 silly addNameRange   hasData: true }
85 silly addNameRange versions [ 'robotskirt',
85 silly addNameRange   [ '0.1.0',
85 silly addNameRange     '0.2.0',
85 silly addNameRange     '0.2.1',
85 silly addNameRange     '0.2.2',
85 silly addNameRange     '0.2.3',
85 silly addNameRange     '0.2.4',
85 silly addNameRange     '0.2.5',
85 silly addNameRange     '1.0.0',
85 silly addNameRange     '2.3.2',
85 silly addNameRange     '2.4.0',
85 silly addNameRange     '2.5.0',
85 silly addNameRange     '2.5.1',
85 silly addNameRange     '2.5.2',
85 silly addNameRange     '2.5.3',
85 silly addNameRange     '2.5.4',
85 silly addNameRange     '2.6.0',
85 silly addNameRange     '2.6.1',
85 silly addNameRange     '2.7.0',
85 silly addNameRange     '2.7.1' ] ]
86 verbose addNamed [ 'robotskirt', '2.7.1' ]
87 verbose addNamed [ '2.7.1', '2.7.1' ]
88 silly lockFile 7b18e7ce-robotskirt-2-7-1 robotskirt@2.7.1
89 verbose lock robotskirt@2.7.1 /Users/petenawara/.npm/7b18e7ce-robotskirt-2-7-1.lock
90 silly lockFile 7b18e7ce-robotskirt-2-7-1 robotskirt@2.7.1
91 silly lockFile 7b18e7ce-robotskirt-2-7-1 robotskirt@2.7.1
92 silly lockFile c236d50a-robotskirt-2-7-1 robotskirt@~2.7.1
93 silly lockFile c236d50a-robotskirt-2-7-1 robotskirt@~2.7.1
94 silly resolved [ { name: 'robotskirt',
94 silly resolved     description: 'A node wrapper for the awesome C markdown parsing library, sundown.',
94 silly resolved     keywords: [ 'sundown', 'upskirt', 'robot', 'markdown', 'mkd', 'md' ],
94 silly resolved     version: '2.7.1',
94 silly resolved     homepage: 'http://benmills.org/robotskirt',
94 silly resolved     author: { name: 'Ben Mills', email: 'ben@bmdev.org' },
94 silly resolved     maintainers: [ [Object], [Object] ],
94 silly resolved     contributors:
94 silly resolved      [ [Object],
94 silly resolved        [Object],
94 silly resolved        [Object],
94 silly resolved        [Object],
94 silly resolved        [Object],
94 silly resolved        [Object],
94 silly resolved        [Object],
94 silly resolved        [Object] ],
94 silly resolved     main: './build/Release/robotskirt',
94 silly resolved     man: [ 'man/robotskirt.1' ],
94 silly resolved     engines: { node: '>= 0.6' },
94 silly resolved     scripts: { install: 'node-gyp rebuild' },
94 silly resolved     directories:
94 silly resolved      { bin: './bin',
94 silly resolved        src: './src',
94 silly resolved        man: './man',
94 silly resolved        doc: './doc',
94 silly resolved        example: './examples' },
94 silly resolved     repository:
94 silly resolved      { type: 'git',
94 silly resolved        url: 'https://github.com/benmills/robotskirt.git' },
94 silly resolved     bugs: { url: 'https://github.com/benmills/robotskirt/issues' },
94 silly resolved     licenses: [ [Object] ],
94 silly resolved     gypfile: true,
94 silly resolved     bin: { robotskirt: 'bin/robotskirt' },
94 silly resolved     readme: '# Robotskirt\n\nRobotskirt is a [Node.JS](http://nodejs.org) wrapper for the [Sundown](https://github.com/vmg/sundown)\nlibrary.\n\nIt was inspired by the Redcarpet gem [released by GitHub](https://github.com/blog/832-rolling-out-the-redcarpet) (the bindings to [Ruby](http://www.ruby-lang.org)).  \nWith the arrival of version 2 after much work, Robotskirt now mirrors every feature of Redcarpet, see below.  \nIt even has [additional features](#other-utilities)!\n\nFull documentation can be found under the `doc` folder.  \nRobotskirt is distributed under the **MIT license**, see `LICENSE`.\n\n## Performance\n\nThanks to Sundown, Robotskirt is able to render markdown many times faster than other Markdown libraries.  \nWith v2, efforts have been put to make it even lighter.\n\nSundown is well known for its **security**, **speed** and **flexibility**.  \nRobotskirt benefits from these features and tries to make the wrapping layer as thin as possible.\n\nRobotskirt includes a small script to benchmark it against other popular markdown libraries.  \nIt runs the official Markdown test suite 1000 times with each item.\n\nResults on a Thinkpad T400 running Ubuntu 12.04 and\nNode 0.8.8 (currently the latest stable version):\n\n```bash\n$ node benchmark --bench\n[1] robotskirt (reuse all) completed in 1354ms.\n[2] robotskirt (convenience, reuse all) completed in 1353ms.\n[3] robotskirt (new renderer and parser) completed in 3816ms.\n[4] robotskirt (convenience, new parser) completed in 1534ms.\n[5] marked completed in 3842ms.\n[6] discount completed in 6025ms.\n6 targets benchmarked successfully.\n```\n\n## Install\n\nThe best way to install Robotskirt is by using [NPM](https://github.com/isaacs/npm).  \nIf you want to install it globally, remember to use `sudo` and `-g`.\n\n```bash\nnpm install robotskirt\n```\n\n**Important:** you *don\'t need* to have Sundown installed: Robotskirt comes bundled  \nwith a specific Sundown version. Just install Robotskirt as any other module.\n\nStarting with `v2.7`, Robotskirt uses the preferred [Node-GYP](https://github.com/TooTallNate/node-gyp) to compile.\n\n## Getting started\n\nCurrently there are two ways of using Robotskirt:\n[normal](#the-normal-way) and [convenience](#the-convenience-way).  \nWe recommend you to learn both (hey, it\'s just two classes!) and see the [examples](#examples).\n\n## The Normal Way\n\nTo parse Markdown, we first need a **renderer**. It takes the parsed Markdown,  \nand produces the final output (can be HTML, XHTML,\n[ANSI](https://github.com/benmills/robotskirt/blob/master/examples/ansi-rend.js), plain text, ...).\n\nOn most cases you will use Sundown\'s (X)HTML renderer:\n\n```javascript\nvar rs = require(\'robotskirt\');\nvar renderer = new rs.HtmlRenderer();\n```\n\nThen, you make a **parser** that uses your renderer:\n\n```javascript\nvar parser = new rs.Markdown(renderer);\n```\n\nThat\'s it! You can now start rendering your markdown:\n\n```javascript\nparser.render(\'Hey, *this* is `code` with ÚŦF châracters!\')\n// \'<p>Hey, <em>this</em> is <code>code</code> with ÚŦF châracters!</p>\\n\'\n```\n\n**Always reuse yor parsers/renderers!** As you can see in the [benchmark](#performance),  \nmaking and using the same pair to render everything saves a _lot_ of time.  \nIf you can\'t reuse them (for example, because the flags are supplied by the user),  \nconsider using [the convenience way](#the-convenience-way).\n\nOK. Want to customize the output a bit? Keep reading.\n\n### Using markdown extensions\n\nJust using `new Markdown(renderer)` will parse **pure markdown**.\nHowever, you can have it  \nunderstand special _extensions_ such as fenced code blocks,\nstrikethrough, tables and more!\n\nFor example, the following will enable tables and autolinking:\n\n```javascript\nvar parser = new rs.Markdown(renderer, [rs.EXT_TABLES, rs.EXT_AUTOLINK]);\n```\n\nYou can see the full list of extensions in the docs.\n\n### HTML rendering flags\n\nJust as with extensions, you can pass certain flags to the HTML renderer.\n\nFor example, the following will use strict XHTML\nand skip all the `<image>` tags:\n\n```javascript\nvar renderer = new rs.HtmlRenderer([rs.HTML_USE_XHTML, rs.HTML_SKIP_IMAGES]);\n```\n\nYou can see the full list of HTML flags in the docs.\n\n### UTF handling\n\nSundown is fully UTF-8 aware, both when handling and rendering.  \nRobotskirt will take care of the encoding and decoding tasks for you.\n\n### Custom renderers!\n\nA renderer is just a set of functions.  \nEach time the parser finds a piece of Markdown it\'ll call the appropiate function in the renderer.  \nIf the function is not set (`undefined`), the Markdown will be skipped or copied untouched.\n\nSome use cases of custom renderers:\n\n#### Highlighting code blocks\n\n```javascript\nvar renderer = new rs.HtmlRenderer();\nrenderer.blockcode = function (code, language) {\n  if (language === undefined) {\n    //No language was provided, don\'t highlight\n    return \'<pre>\' + escapeHtml(code) + \'</pre>\';\n  }\n  return pygments.highlight(code, {"lang": language, "indent": 2});\n};\n```\n\nYou can see the full list of renderer functions in the docs.\n\n#### Renderer from scratch\n\nIf you don\'t feel comfortable extending the `HtmlRenderer` class,  \nyou can build a renderer from scratch by extending the base class: `Renderer`.  \nAll renderers inherit from this class. It contains all functions set to `undefined`.\n\n## The Convenience Way\n\nWhen you don\'t need custom renderers at all, you can just write:\n\n```javascript\nvar rs = require(\'robotskirt\');\nvar parser = rs.Markdown.std();\nparser.render(...);\n```\n\nThat\'ll build a renderer/parser pair for you.  \nIt\'s **faster than building them manually**, because it happens natively.\n\nYou can pass **extension** and **HTML** flags to it, respectively:\n\n```javascript\nvar parser = rs.Markdown.std([rs.EXT_TABLES, rs.EXT_AUTOLINK],\n                             [rs.HTML_USE_XHTML, rs.HTML_SKIP_IMAGES]);\nparser.render(\'This becomes http://autolink.ed in XHTML!\');\n// \'<p>This becomes <a href="http://autolink.ed">http://autolink.ed</a> in XHTML!</p>\\n\'\n```\n\nKeep in mind that **no other types of renderer can be chosen**,  \nand **you don\'t have access to the HTML renderer used**.\n\n## Examples\n\nTODO\n\n## Other utilities\n\nRobotskirt includes some useful utilities. Code speaks by itself:\n\n##### [Houdini](https://github.com/vmg/houdini), the escapist\n\n``` javascript\n> var rs = require(\'robotskirt\')\n> rs.houdini.escapeHTML(\'<b>Some code to escape.</b> <a title="Click me!">Me & you.</a>\')\n\'&lt;b&gt;Some code to escape.&lt;&#47;b&gt; &lt;a title=&quot;Click me!&quot;&gt;Me &amp; you.&lt;&#47;a&gt;\'\n> rs.houdini.unescapeURL(\'Include+5%25+me%2Bin+a-query%3F+W%C3%ADth%C3%99TF%21\')\n\'Include 5% me in a-query? WíthÙTF!\'\n```\n\n##### [SmartyPants](http://daringfireball.net/projects/smartypants)\n\nOften used in conjunction with Markdown.  \nIt makes "smart" punctuation. See more on [its homepage](http://daringfireball.net/projects/smartypants).\n\n```javascript\n> rs.smartypantsHtml(\'And I said ---to him--- "no worries"...\');\n\'And I said &mdash;to him&mdash; &ldquo;no worries&rdquo;&hellip;\'\n```\n\nSundown implements SmartyPants with the same\nspeed and security as usual.\n\n##### Sundown\'s Autolink-er\n\n```javascript\n//COMING SOON!\n```\n\n##### Version stuff\n\n``` javascript\n> rs.versions.sundown\n<Version 1.16.0>\n> rs.versions.robotskirt.toString() //String formatted version\n\'2.5.1\'\n> console.log(\'Sundown is at %s. Robotskirt is at %s\',\n... rs.versions.sundown, rs.versions.robotskirt);\nSundown is at 1.16.0. Robotskirt is at 2.5.1.\n> rs.versions.sundown.minor\n16\n> rs.versions.robotskirt instanceof rs.Version\ntrue\n```\n\n',
94 silly resolved     readmeFilename: 'README.md',
94 silly resolved     _id: 'robotskirt@2.7.1',
94 silly resolved     _from: 'robotskirt@~2.7.1' } ]
95 info install robotskirt@2.7.1 into /Users/petenawara/Sites/hearingirc.github.io/node_modules/docpad-plugin-robotskirt
96 info installOne robotskirt@2.7.1
97 info /Users/petenawara/Sites/hearingirc.github.io/node_modules/docpad-plugin-robotskirt/node_modules/robotskirt unbuild
98 verbose tar unpack /Users/petenawara/.npm/robotskirt/2.7.1/package.tgz
99 silly lockFile a9272c59-botskirt-node-modules-robotskirt tar:///Users/petenawara/Sites/hearingirc.github.io/node_modules/docpad-plugin-robotskirt/node_modules/robotskirt
100 verbose lock tar:///Users/petenawara/Sites/hearingirc.github.io/node_modules/docpad-plugin-robotskirt/node_modules/robotskirt /Users/petenawara/.npm/a9272c59-botskirt-node-modules-robotskirt.lock
101 silly lockFile fff0177c-npm-robotskirt-2-7-1-package-tgz tar:///Users/petenawara/.npm/robotskirt/2.7.1/package.tgz
102 verbose lock tar:///Users/petenawara/.npm/robotskirt/2.7.1/package.tgz /Users/petenawara/.npm/fff0177c-npm-robotskirt-2-7-1-package-tgz.lock
103 silly gunzTarPerm modes [ '755', '644' ]
104 silly gunzTarPerm extractEntry package.json
105 silly gunzTarPerm extractEntry .npmignore
106 silly gunzTarPerm extractEntry README.md
107 silly gunzTarPerm extractEntry LICENSE
108 silly gunzTarPerm extractEntry index.js
109 silly gunzTarPerm extractEntry examples/ansi-rend.js
110 silly gunzTarPerm extractEntry binding.gyp
111 silly gunzTarPerm extractEntry doc/robotskirt.markdown
112 silly gunzTarPerm extractEntry .gitmodules
113 silly gunzTarPerm extractEntry houdini/.npmignore
114 silly gunzTarPerm extractEntry houdini/README.md
115 silly gunzTarPerm extractEntry houdini/Makefile
116 silly gunzTarPerm extractEntry houdini/tools/build_table.py
117 silly gunzTarPerm extractEntry houdini/tools/build_tables.c
118 silly gunzTarPerm extractEntry houdini/tools/wikipedia_table.txt
119 silly gunzTarPerm extractEntry houdini/buffer.c
120 silly gunzTarPerm extractEntry houdini/buffer.h
121 silly gunzTarPerm extractEntry houdini/houdini.h
122 silly gunzTarPerm extractEntry houdini/houdini_href_e.c
123 silly gunzTarPerm extractEntry houdini/houdini_html_e.c
124 silly gunzTarPerm extractEntry houdini/COPYING
125 silly gunzTarPerm extractEntry houdini/houdini_js_e.c
126 silly gunzTarPerm extractEntry houdini/houdini_js_u.c
127 silly gunzTarPerm extractEntry houdini/houdini_uri_e.c
128 silly gunzTarPerm extractEntry houdini/houdini_uri_u.c
129 silly gunzTarPerm extractEntry houdini/houdini_xml_e.c
130 silly gunzTarPerm extractEntry houdini/html_unescape.gperf
131 silly gunzTarPerm extractEntry houdini/html_unescape.h
132 silly gunzTarPerm extractEntry houdini/houdini_html_u.c
133 silly gunzTarPerm extractEntry index.html
134 silly gunzTarPerm extractEntry benchmark/package.json
135 silly gunzTarPerm extractEntry benchmark/README
136 silly gunzTarPerm extractEntry benchmark/fix.js
137 silly gunzTarPerm extractEntry benchmark/index.js
138 silly gunzTarPerm extractEntry benchmark/fix
139 silly gunzTarPerm extractEntry benchmark/new/loose_lists.html
140 silly gunzTarPerm extractEntry benchmark/new/blockquote_list_item.html
141 silly gunzTarPerm extractEntry benchmark/new/case_insensitive_refs.html
142 silly gunzTarPerm extractEntry benchmark/new/case_insensitive_refs.text
143 silly gunzTarPerm extractEntry benchmark/new/escaped_angles.html
144 silly gunzTarPerm extractEntry benchmark/new/escaped_angles.text
145 silly gunzTarPerm extractEntry benchmark/new/gfm_break.html
146 silly gunzTarPerm extractEntry benchmark/new/gfm_break.text
147 silly gunzTarPerm extractEntry benchmark/new/gfm_code.html
148 silly gunzTarPerm extractEntry benchmark/new/gfm_code.text
149 silly gunzTarPerm extractEntry benchmark/new/gfm_em.html
150 silly gunzTarPerm extractEntry benchmark/new/gfm_em.text
151 silly gunzTarPerm extractEntry benchmark/new/gfm_links.html
152 silly gunzTarPerm extractEntry benchmark/new/gfm_links.text
153 silly gunzTarPerm extractEntry benchmark/new/lazy_blockquotes.html
154 silly gunzTarPerm extractEntry benchmark/new/lazy_blockquotes.text
155 silly gunzTarPerm extractEntry benchmark/new/list_item_text.html
156 silly gunzTarPerm extractEntry benchmark/new/list_item_text.text
157 silly gunzTarPerm extractEntry benchmark/new/blockquote_list_item.text
158 silly gunzTarPerm extractEntry benchmark/new/loose_lists.text
159 silly gunzTarPerm extractEntry benchmark/new/main.html
160 silly gunzTarPerm extractEntry benchmark/new/main.text
161 silly gunzTarPerm extractEntry benchmark/new/nested_code.html
162 silly gunzTarPerm extractEntry benchmark/new/nested_code.text
163 silly gunzTarPerm extractEntry benchmark/new/nested_em.html
164 silly gunzTarPerm extractEntry benchmark/new/nested_em.text
165 silly gunzTarPerm extractEntry benchmark/new/nested_square_link.html
166 silly gunzTarPerm extractEntry benchmark/new/nested_square_link.text
167 silly gunzTarPerm extractEntry benchmark/new/not_a_link.html
168 silly gunzTarPerm extractEntry benchmark/new/not_a_link.text
169 silly gunzTarPerm extractEntry benchmark/new/ref_paren.html
170 silly gunzTarPerm extractEntry benchmark/new/ref_paren.text
171 silly gunzTarPerm extractEntry benchmark/new/same_bullet.html
172 silly gunzTarPerm extractEntry benchmark/new/same_bullet.text
173 silly gunzTarPerm extractEntry benchmark/new/toplevel_paragraphs.html
174 silly gunzTarPerm extractEntry benchmark/new/toplevel_paragraphs.text
175 silly gunzTarPerm extractEntry benchmark/original/links_inline_style.html
176 silly gunzTarPerm extractEntry benchmark/original/amps_and_angles_encoding.html
177 silly gunzTarPerm extractEntry benchmark/original/auto_links.html
178 silly gunzTarPerm extractEntry benchmark/original/auto_links.text
179 silly gunzTarPerm extractEntry benchmark/original/backslash_escapes.html
180 silly gunzTarPerm extractEntry benchmark/original/backslash_escapes.text
181 silly gunzTarPerm extractEntry benchmark/original/blockquotes_with_code_blocks.html
182 silly gunzTarPerm extractEntry benchmark/original/blockquotes_with_code_blocks.text
183 silly gunzTarPerm extractEntry benchmark/original/code_blocks.html
184 silly gunzTarPerm extractEntry benchmark/original/code_blocks.text
185 silly gunzTarPerm extractEntry benchmark/original/code_spans.html
186 silly gunzTarPerm extractEntry benchmark/original/code_spans.text
187 silly gunzTarPerm extractEntry benchmark/original/hard_wrapped_paragraphs_with_list_like_lines.html
188 silly gunzTarPerm extractEntry benchmark/original/hard_wrapped_paragraphs_with_list_like_lines.text
189 silly gunzTarPerm extractEntry benchmark/original/horizontal_rules.html
190 silly gunzTarPerm extractEntry benchmark/original/horizontal_rules.text
191 silly gunzTarPerm extractEntry benchmark/original/inline_html_advanced.html
192 silly gunzTarPerm extractEntry benchmark/original/inline_html_advanced.text
193 silly gunzTarPerm extractEntry benchmark/original/inline_html_comments.html
194 silly gunzTarPerm extractEntry benchmark/original/inline_html_comments.text
195 silly gunzTarPerm extractEntry benchmark/original/inline_html_simple.html
196 silly gunzTarPerm extractEntry benchmark/original/inline_html_simple.text
197 silly gunzTarPerm extractEntry benchmark/original/amps_and_angles_encoding.text
198 silly gunzTarPerm extractEntry benchmark/original/links_inline_style.text
199 silly gunzTarPerm extractEntry benchmark/original/links_reference_style.html
200 silly gunzTarPerm extractEntry benchmark/original/links_reference_style.text
201 silly gunzTarPerm extractEntry benchmark/original/links_shortcut_references.html
202 silly gunzTarPerm extractEntry benchmark/original/links_shortcut_references.text
203 silly gunzTarPerm extractEntry benchmark/original/literal_quotes_in_titles.html
204 silly gunzTarPerm extractEntry benchmark/original/literal_quotes_in_titles.text
205 silly gunzTarPerm extractEntry benchmark/original/markdown_documentation_basics.html
206 silly gunzTarPerm extractEntry benchmark/original/markdown_documentation_basics.text
207 silly gunzTarPerm extractEntry benchmark/original/markdown_documentation_syntax.html
208 silly gunzTarPerm extractEntry benchmark/original/markdown_documentation_syntax.text
209 silly gunzTarPerm extractEntry benchmark/original/nested_blockquotes.html
210 silly gunzTarPerm extractEntry benchmark/original/nested_blockquotes.text
211 silly gunzTarPerm extractEntry benchmark/original/ordered_and_unordered_lists.html
212 silly gunzTarPerm extractEntry benchmark/original/ordered_and_unordered_lists.text
213 silly gunzTarPerm extractEntry benchmark/original/strong_and_em_together.html
214 silly gunzTarPerm extractEntry benchmark/original/strong_and_em_together.text
215 silly gunzTarPerm extractEntry benchmark/original/tabs.html
216 silly gunzTarPerm extractEntry benchmark/original/tabs.text
217 silly gunzTarPerm extractEntry benchmark/original/tidyness.html
218 silly gunzTarPerm extractEntry benchmark/original/tidyness.text
219 silly gunzTarPerm extractEntry benchmark/results
220 silly gunzTarPerm extractEntry benchmark/tests/links_reference_style.html
221 silly gunzTarPerm extractEntry benchmark/tests/amps_and_angles_encoding.html
222 silly gunzTarPerm extractEntry benchmark/tests/auto_links.html
223 silly gunzTarPerm extractEntry benchmark/tests/auto_links.text
224 silly gunzTarPerm extractEntry benchmark/tests/backslash_escapes.html
225 silly gunzTarPerm extractEntry benchmark/tests/backslash_escapes.text
226 silly gunzTarPerm extractEntry benchmark/tests/blockquote_list_item.html
227 silly gunzTarPerm extractEntry benchmark/tests/blockquote_list_item.text
228 silly gunzTarPerm extractEntry benchmark/tests/blockquotes_with_code_blocks.html
229 silly gunzTarPerm extractEntry benchmark/tests/blockquotes_with_code_blocks.text
230 silly gunzTarPerm extractEntry benchmark/tests/case_insensitive_refs.html
231 silly gunzTarPerm extractEntry benchmark/tests/case_insensitive_refs.text
232 silly gunzTarPerm extractEntry benchmark/tests/code_blocks.html
233 silly gunzTarPerm extractEntry benchmark/tests/code_blocks.text
234 silly gunzTarPerm extractEntry benchmark/tests/code_spans.html
235 silly gunzTarPerm extractEntry benchmark/tests/code_spans.text
236 silly gunzTarPerm extractEntry benchmark/tests/escaped_angles.html
237 silly gunzTarPerm extractEntry benchmark/tests/escaped_angles.text
238 silly gunzTarPerm extractEntry benchmark/tests/gfm_break.html
239 silly gunzTarPerm extractEntry benchmark/tests/gfm_break.text
240 silly gunzTarPerm extractEntry benchmark/tests/gfm_code.html
241 silly gunzTarPerm extractEntry benchmark/tests/gfm_code.text
242 silly gunzTarPerm extractEntry benchmark/tests/gfm_em.html
243 silly gunzTarPerm extractEntry benchmark/tests/gfm_em.text
244 silly gunzTarPerm extractEntry benchmark/tests/gfm_links.html
245 silly gunzTarPerm extractEntry benchmark/tests/gfm_links.text
246 silly gunzTarPerm extractEntry benchmark/tests/hard_wrapped_paragraphs_with_list_like_lines.html
247 silly gunzTarPerm extractEntry benchmark/tests/hard_wrapped_paragraphs_with_list_like_lines.text
248 silly gunzTarPerm extractEntry benchmark/tests/horizontal_rules.html
249 silly gunzTarPerm extractEntry benchmark/tests/horizontal_rules.text
250 silly gunzTarPerm extractEntry benchmark/tests/inline_html_advanced.html
251 silly gunzTarPerm extractEntry benchmark/tests/inline_html_advanced.text
252 silly gunzTarPerm extractEntry benchmark/tests/inline_html_comments.html
253 silly gunzTarPerm extractEntry benchmark/tests/inline_html_comments.text
254 silly gunzTarPerm extractEntry benchmark/tests/inline_html_simple.html
255 silly gunzTarPerm extractEntry benchmark/tests/inline_html_simple.text
256 silly gunzTarPerm extractEntry benchmark/tests/lazy_blockquotes.html
257 silly gunzTarPerm extractEntry benchmark/tests/lazy_blockquotes.text
258 silly gunzTarPerm extractEntry benchmark/tests/links_inline_style.html
259 silly gunzTarPerm extractEntry benchmark/tests/links_inline_style.text
260 silly gunzTarPerm extractEntry benchmark/tests/amps_and_angles_encoding.text
261 silly gunzTarPerm extractEntry benchmark/tests/links_reference_style.text
262 silly gunzTarPerm extractEntry benchmark/tests/links_shortcut_references.html
263 silly gunzTarPerm extractEntry benchmark/tests/links_shortcut_references.text
264 silly gunzTarPerm extractEntry benchmark/tests/list_item_text.html
265 silly gunzTarPerm extractEntry benchmark/tests/list_item_text.text
266 silly gunzTarPerm extractEntry benchmark/tests/literal_quotes_in_titles.html
267 silly gunzTarPerm extractEntry benchmark/tests/literal_quotes_in_titles.text
268 silly gunzTarPerm extractEntry benchmark/tests/loose_lists.html
269 silly gunzTarPerm extractEntry benchmark/tests/loose_lists.text
270 silly gunzTarPerm extractEntry benchmark/tests/main.html
271 silly gunzTarPerm extractEntry benchmark/tests/main.text
272 silly gunzTarPerm extractEntry benchmark/tests/markdown_documentation_basics.html
273 silly gunzTarPerm extractEntry benchmark/tests/markdown_documentation_basics.text
274 silly gunzTarPerm extractEntry benchmark/tests/markdown_documentation_syntax.html
275 silly gunzTarPerm extractEntry benchmark/tests/markdown_documentation_syntax.text
276 silly gunzTarPerm extractEntry benchmark/tests/nested_blockquotes.html
277 silly gunzTarPerm extractEntry benchmark/tests/nested_blockquotes.text
278 silly gunzTarPerm extractEntry benchmark/tests/nested_code.html
279 silly gunzTarPerm extractEntry benchmark/tests/nested_code.text
280 silly gunzTarPerm extractEntry benchmark/tests/nested_em.html
281 silly gunzTarPerm extractEntry benchmark/tests/nested_em.text
282 silly gunzTarPerm extractEntry benchmark/tests/nested_square_link.html
283 silly gunzTarPerm extractEntry benchmark/tests/nested_square_link.text
284 silly gunzTarPerm extractEntry benchmark/tests/not_a_link.html
285 silly gunzTarPerm extractEntry benchmark/tests/not_a_link.text
286 silly gunzTarPerm extractEntry benchmark/tests/ordered_and_unordered_lists.html
287 silly gunzTarPerm extractEntry benchmark/tests/ordered_and_unordered_lists.text
288 silly gunzTarPerm extractEntry benchmark/tests/ref_paren.html
289 silly gunzTarPerm extractEntry benchmark/tests/ref_paren.text
290 silly gunzTarPerm extractEntry benchmark/tests/same_bullet.html
291 silly gunzTarPerm extractEntry benchmark/tests/same_bullet.text
292 silly gunzTarPerm extractEntry benchmark/tests/strong_and_em_together.html
293 silly gunzTarPerm extractEntry benchmark/tests/strong_and_em_together.text
294 silly gunzTarPerm extractEntry benchmark/tests/tabs.html
295 silly gunzTarPerm extractEntry benchmark/tests/tabs.text
296 silly gunzTarPerm extractEntry benchmark/tests/tidyness.html
297 silly gunzTarPerm extractEntry benchmark/tests/tidyness.text
298 silly gunzTarPerm extractEntry benchmark/tests/toplevel_paragraphs.html
299 silly gunzTarPerm extractEntry benchmark/tests/toplevel_paragraphs.text
300 silly gunzTarPerm extractEntry man/robotskirt.1
301 silly gunzTarPerm extractEntry bin/robotskirt
302 silly gunzTarPerm extractEntry src/houdini_xml_e.c
303 silly gunzTarPerm extractEntry src/autolink.c
304 silly gunzTarPerm extractEntry src/buffer.c
305 silly gunzTarPerm extractEntry src/buffer.h
306 silly gunzTarPerm extractEntry src/houdini.h
307 silly gunzTarPerm extractEntry src/houdini_href_e.c
308 silly gunzTarPerm extractEntry src/houdini_html_e.c
309 silly gunzTarPerm extractEntry src/houdini_html_u.c
310 silly gunzTarPerm extractEntry src/houdini_js_e.c
311 silly gunzTarPerm extractEntry src/houdini_js_u.c
312 silly gunzTarPerm extractEntry src/houdini_uri_e.c
313 silly gunzTarPerm extractEntry src/houdini_uri_u.c
314 silly gunzTarPerm extractEntry src/autolink.h
315 silly gunzTarPerm extractEntry src/html.c
316 silly gunzTarPerm extractEntry src/html.h
317 silly gunzTarPerm extractEntry src/html_blocks.h
318 silly gunzTarPerm extractEntry src/html_smartypants.c
319 silly gunzTarPerm extractEntry src/html_unescape.h
320 silly gunzTarPerm extractEntry src/markdown.c
321 silly gunzTarPerm extractEntry src/markdown.h
322 silly gunzTarPerm extractEntry src/robotskirt.cc
323 silly gunzTarPerm extractEntry src/stack.c
324 silly gunzTarPerm extractEntry src/stack.h
325 silly gunzTarPerm extractEntry src/v8u.hpp
326 silly gunzTarPerm extractEntry src/version.hpp
327 silly gunzTarPerm extractEntry sundown/.npmignore
328 silly gunzTarPerm extractEntry sundown/Makefile
329 silly gunzTarPerm extractEntry sundown/Makefile.win
330 silly gunzTarPerm extractEntry sundown/README.markdown
331 silly gunzTarPerm extractEntry sundown/examples/smartypants.c
332 silly gunzTarPerm extractEntry sundown/examples/sundown.c
333 silly gunzTarPerm extractEntry sundown/html/houdini.h
334 silly gunzTarPerm extractEntry sundown/html/houdini_href_e.c
335 silly gunzTarPerm extractEntry sundown/html/houdini_html_e.c
336 silly gunzTarPerm extractEntry sundown/html/html.c
337 silly gunzTarPerm extractEntry sundown/html/html.h
338 silly gunzTarPerm extractEntry sundown/html/html_smartypants.c
339 silly gunzTarPerm extractEntry sundown/html_block_names.txt
340 silly gunzTarPerm extractEntry sundown/src/autolink.c
341 silly gunzTarPerm extractEntry sundown/src/autolink.h
342 silly gunzTarPerm extractEntry sundown/src/buffer.c
343 silly gunzTarPerm extractEntry sundown/src/buffer.h
344 silly gunzTarPerm extractEntry sundown/src/html_blocks.h
345 silly gunzTarPerm extractEntry sundown/src/markdown.c
346 silly gunzTarPerm extractEntry sundown/src/markdown.h
347 silly gunzTarPerm extractEntry sundown/src/stack.c
348 silly gunzTarPerm extractEntry sundown/src/stack.h
349 silly gunzTarPerm extractEntry sundown/sundown.def
350 silly gunzTarPerm extractEntry v8u/README.md
351 silly gunzTarPerm extractEntry v8u/v8u.hpp
352 silly gunzTarPerm extractEntry v8u/version.hpp
353 silly lockFile a9272c59-botskirt-node-modules-robotskirt tar:///Users/petenawara/Sites/hearingirc.github.io/node_modules/docpad-plugin-robotskirt/node_modules/robotskirt
354 silly lockFile a9272c59-botskirt-node-modules-robotskirt tar:///Users/petenawara/Sites/hearingirc.github.io/node_modules/docpad-plugin-robotskirt/node_modules/robotskirt
355 silly lockFile fff0177c-npm-robotskirt-2-7-1-package-tgz tar:///Users/petenawara/.npm/robotskirt/2.7.1/package.tgz
356 silly lockFile fff0177c-npm-robotskirt-2-7-1-package-tgz tar:///Users/petenawara/.npm/robotskirt/2.7.1/package.tgz
357 info preinstall robotskirt@2.7.1
358 verbose readDependencies using package.json deps
359 verbose readDependencies using package.json deps
360 silly resolved []
361 verbose about to build /Users/petenawara/Sites/hearingirc.github.io/node_modules/docpad-plugin-robotskirt/node_modules/robotskirt
362 info build /Users/petenawara/Sites/hearingirc.github.io/node_modules/docpad-plugin-robotskirt/node_modules/robotskirt
363 verbose linkStuff [ false,
363 verbose linkStuff   false,
363 verbose linkStuff   false,
363 verbose linkStuff   '/Users/petenawara/Sites/hearingirc.github.io/node_modules/docpad-plugin-robotskirt/node_modules' ]
364 info linkStuff robotskirt@2.7.1
365 verbose linkBins robotskirt@2.7.1
366 verbose link bins [ { robotskirt: 'bin/robotskirt' },
366 verbose link bins   '/Users/petenawara/Sites/hearingirc.github.io/node_modules/docpad-plugin-robotskirt/node_modules/.bin',
366 verbose link bins   false ]
367 verbose linkMans robotskirt@2.7.1
368 verbose rebuildBundles robotskirt@2.7.1
369 info install robotskirt@2.7.1
370 verbose unsafe-perm in lifecycle true
371 info robotskirt@2.7.1 Failed to exec install script
372 info /Users/petenawara/Sites/hearingirc.github.io/node_modules/docpad-plugin-robotskirt/node_modules/robotskirt unbuild
373 info preuninstall robotskirt@2.7.1
374 info uninstall robotskirt@2.7.1
375 verbose false,/Users/petenawara/Sites/hearingirc.github.io/node_modules,/Users/petenawara/Sites/hearingirc.github.io/node_modules/docpad-plugin-robotskirt/node_modules unbuild robotskirt@2.7.1
376 verbose /Users/petenawara/Sites/hearingirc.github.io/node_modules/docpad-plugin-robotskirt/node_modules/.bin,[object Object] binRoot
377 info postuninstall robotskirt@2.7.1
378 verbose about to build /Users/petenawara/Sites/hearingirc.github.io/node_modules/docpad-plugin-robotskirt
379 info /Users/petenawara/Sites/hearingirc.github.io/node_modules/docpad-plugin-robotskirt unbuild
380 info preuninstall docpad-plugin-robotskirt@2.0.3
381 info uninstall docpad-plugin-robotskirt@2.0.3
382 verbose true,/Users/petenawara/Sites/hearingirc.github.io/node_modules,/Users/petenawara/Sites/hearingirc.github.io/node_modules unbuild docpad-plugin-robotskirt@2.0.3
383 info postuninstall docpad-plugin-robotskirt@2.0.3
384 error robotskirt@2.7.1 install: `node-gyp rebuild`
384 error Exit status 1
385 error Failed at the robotskirt@2.7.1 install script.
385 error This is most likely a problem with the robotskirt package,
385 error not with npm itself.
385 error Tell the author that this fails on your system:
385 error     node-gyp rebuild
385 error You can get their info via:
385 error     npm owner ls robotskirt
385 error There is likely additional logging output above.
386 error System Darwin 13.0.0
387 error command "node" "/usr/local/bin/npm" "install"
388 error cwd /Users/petenawara/Sites/hearingirc.github.io
389 error node -v v0.10.22
390 error npm -v 1.3.14
391 error code ELIFECYCLE
392 verbose exit [ 1, true ]
